<?xml version="1.0" encoding="UTF-8"?>
<!-- Generated by org.testng.reporters.JUnitXMLReporter -->
<testsuite ignored="0" hostname="LT8304" failures="0" tests="3" name="Default test" time="9.0" errors="0" timestamp="2025-07-09T19:31:20 IST">
  <testcase classname="api.test.PetsTests1" name="testPostPet" time="5.731"/>
  <testcase classname="api.test.PetsTests1" name="getPetById" time="1.577"/>
  <testcase classname="api.test.PetsTests1" name="deletePetById" time="1.377"/>
</testsuite> <!-- Default test -->
