<?xml version="1.0" encoding="UTF-8"?>
<!-- Generated by org.testng.reporters.JUnitXMLReporter -->
<testsuite ignored="0" hostname="LT8304" failures="1" tests="3" name="Test" time="9.049" errors="0" timestamp="2025-07-09T19:19:47 IST">
  <testcase classname="api.test.PetsTests1" name="testPostPet" time="5.463"/>
  <testcase classname="api.test.PetsTests1" name="getPetById" time="1.425"/>
  <testcase classname="api.test.PetsTests1" name="deletePetById" time="1.486">
    <failure type="java.lang.AssertionError" message="expected [200] but found [404]">
      <![CDATA[java.lang.AssertionError: expected [200] but found [404]
at api.test.PetsTests1.deletePetById(PetsTests1.java:102)
at java.base/java.util.ArrayList.forEach(ArrayList.java:1596)
... Removed 32 stack frames]]>
    </failure>
  </testcase> <!-- deletePetById -->
</testsuite> <!-- Test -->
