<?xml version="1.0" encoding="UTF-8"?>
<testsuite xmlns:xsi="http://www.w3.org/2001/XMLSchema-instance" xsi:noNamespaceSchemaLocation="https://maven.apache.org/surefire/maven-surefire-plugin/xsd/surefire-test-report.xsd" version="3.0.2" name="TestSuite" time="10.945" tests="3" errors="0" skipped="0" failures="0">
  <properties>
[...]
</properties>
  <testcase name="testPostPet" classname="api.test.PetsTests1" time="5.497">
    <system-out><![CDATA[HTTP/1.1 200 OK
Date: Tue, 08 Jul 2025 10:21:57 GMT
Content-Type: application/json
Transfer-Encoding: chunked
Connection: keep-alive
Access-Control-Allow-Origin: *
Access-Control-Allow-Methods: GET, POST, DELETE, PUT
Access-Control-Allow-Headers: Content-Type, api_key, Authorization
Server: Jetty(9.2.9.v20150224)

{
    "id": 726408598,
    "category": {
        "id": 0,
        "name": "German Pointer"
    },
    "name": "Precious",
    "photoUrls": [
        "https://encrypted-tbn0.gstatic.com/images?q=tbn:ANd9GcSFUAfyVe3Easiycyh3isP9wDQTYuSmGPsPQvLIJdEYvQ_DsFq5Ez2Nh_QjiS3oZ3B8ZPfK9cZQyIStmQMV1lDPLw",
        "https://hips.hearstapps.com/hmg-prod/images/dog-puppy-on-garden-royalty-free-image-1586966191.jpg?crop=1xw:0.74975xh;0,0.190xh&resize=1200:*"
    ],
    "tags": [
        {
            "id": 0,
            "name": "Good boy/girl"
        }
    ]
}
]]></system-out>
    <system-err><![CDATA[SLF4J(W): No SLF4J providers were found.
SLF4J(W): Defaulting to no-operation (NOP) logger implementation
SLF4J(W): See https://www.slf4j.org/codes.html#noProviders for further details.
]]></system-err>
  </testcase>
  <testcase name="getPetById" classname="api.test.PetsTests1" time="1.807">
    <system-out><![CDATA[726408598
HTTP/1.1 200 OK
Date: Tue, 08 Jul 2025 10:22:00 GMT
Content-Type: application/json
Transfer-Encoding: chunked
Connection: keep-alive
Access-Control-Allow-Origin: *
Access-Control-Allow-Methods: GET, POST, DELETE, PUT
Access-Control-Allow-Headers: Content-Type, api_key, Authorization
Server: Jetty(9.2.9.v20150224)

{
    "id": 726408598,
    "category": {
        "id": 0,
        "name": "German Pointer"
    },
    "name": "Precious",
    "photoUrls": [
        "https://encrypted-tbn0.gstatic.com/images?q=tbn:ANd9GcSFUAfyVe3Easiycyh3isP9wDQTYuSmGPsPQvLIJdEYvQ_DsFq5Ez2Nh_QjiS3oZ3B8ZPfK9cZQyIStmQMV1lDPLw",
        "https://hips.hearstapps.com/hmg-prod/images/dog-puppy-on-garden-royalty-free-image-1586966191.jpg?crop=1xw:0.74975xh;0,0.190xh&resize=1200:*"
    ],
    "tags": [
        {
            "id": 0,
            "name": "Good boy/girl"
        }
    ]
}
]]></system-out>
  </testcase>
  <testcase name="deletePetById" classname="api.test.PetsTests1" time="1.403">
    <system-out><![CDATA[726408598
HTTP/1.1 200 OK
Date: Tue, 08 Jul 2025 10:22:01 GMT
Content-Type: application/json
Transfer-Encoding: chunked
Connection: keep-alive
Access-Control-Allow-Origin: *
Access-Control-Allow-Methods: GET, POST, DELETE, PUT
Access-Control-Allow-Headers: Content-Type, api_key, Authorization
Server: Jetty(9.2.9.v20150224)

{
    "code": 200,
    "type": "unknown",
    "message": "726408598"
}
]]></system-out>
  </testcase>
</testsuite>