<?xml version="1.0" encoding="UTF-8"?>
<testng-results ignored="0" total="3" passed="3" failed="0" skipped="0">
  <reporter-output>
  </reporter-output>
  <suite started-at="2025-07-09T19:29:36 IST" name="Suite" finished-at="2025-07-09T19:29:46 IST" duration-ms="9623">
    <groups>
    </groups>
    <test started-at="2025-07-09T19:29:36 IST" name="Test" finished-at="2025-07-09T19:29:46 IST" duration-ms="9623">
      <class name="api.test.PetsTests1">
        <test-method is-config="true" signature="setup()[pri:0, instance:api.test.PetsTests1@460d0a57]" started-at="2025-07-09T19:29:37 IST" name="setup" finished-at="2025-07-09T19:29:37 IST" duration-ms="231" status="PASS">
          <reporter-output>
          </reporter-output>
        </test-method> <!-- setup -->
        <test-method signature="testPostPet(org.testng.ITestContext)[pri:1, instance:api.test.PetsTests1@460d0a57]" started-at="2025-07-09T19:29:37 IST" name="testPostPet" finished-at="2025-07-09T19:29:43 IST" duration-ms="5423" status="PASS">
          <params>
            <param index="0">
              <value>
                <![CDATA[org.testng.TestRunner@35390ee3]]>
              </value>
            </param>
          </params>
          <reporter-output>
          </reporter-output>
        </test-method> <!-- testPostPet -->
        <test-method signature="getPetById(org.testng.ITestContext)[pri:2, instance:api.test.PetsTests1@460d0a57]" started-at="2025-07-09T19:29:43 IST" name="getPetById" finished-at="2025-07-09T19:29:44 IST" duration-ms="1706" status="PASS">
          <params>
            <param index="0">
              <value>
                <![CDATA[org.testng.TestRunner@35390ee3]]>
              </value>
            </param>
          </params>
          <reporter-output>
          </reporter-output>
        </test-method> <!-- getPetById -->
        <test-method signature="deletePetById(org.testng.ITestContext)[pri:3, instance:api.test.PetsTests1@460d0a57]" started-at="2025-07-09T19:29:44 IST" name="deletePetById" finished-at="2025-07-09T19:29:46 IST" duration-ms="1553" status="PASS">
          <params>
            <param index="0">
              <value>
                <![CDATA[org.testng.TestRunner@35390ee3]]>
              </value>
            </param>
          </params>
          <reporter-output>
          </reporter-output>
        </test-method> <!-- deletePetById -->
      </class> <!-- api.test.PetsTests1 -->
    </test> <!-- Test -->
  </suite> <!-- Suite -->
</testng-results>
