<?xml version="1.0" encoding="UTF-8"?>
<testng-results ignored="0" total="3" passed="3" failed="0" skipped="0">
  <reporter-output>
  </reporter-output>
  <suite started-at="2025-07-08T15:51:52 IST" name="Suite" finished-at="2025-07-08T15:52:01 IST" duration-ms="9848">
    <groups>
    </groups>
    <test started-at="2025-07-08T15:51:52 IST" name="Test" finished-at="2025-07-08T15:52:01 IST" duration-ms="9848">
      <class name="api.test.PetsTests1">
        <test-method is-config="true" signature="setup()[pri:0, instance:api.test.PetsTests1@460d0a57]" started-at="2025-07-08T15:51:52 IST" name="setup" finished-at="2025-07-08T15:51:53 IST" duration-ms="745" status="PASS">
          <reporter-output>
          </reporter-output>
        </test-method> <!-- setup -->
        <test-method signature="testPostPet()[pri:1, instance:api.test.PetsTests1@460d0a57]" started-at="2025-07-08T15:51:53 IST" name="testPostPet" finished-at="2025-07-08T15:51:58 IST" duration-ms="5481" status="PASS">
          <reporter-output>
          </reporter-output>
        </test-method> <!-- testPostPet -->
        <test-method signature="getPetById()[pri:2, instance:api.test.PetsTests1@460d0a57]" started-at="2025-07-08T15:51:58 IST" name="getPetById" finished-at="2025-07-08T15:52:00 IST" duration-ms="1805" status="PASS">
          <reporter-output>
          </reporter-output>
        </test-method> <!-- getPetById -->
        <test-method signature="deletePetById()[pri:3, instance:api.test.PetsTests1@460d0a57]" started-at="2025-07-08T15:52:00 IST" name="deletePetById" finished-at="2025-07-08T15:52:01 IST" duration-ms="1398" status="PASS">
          <reporter-output>
          </reporter-output>
        </test-method> <!-- deletePetById -->
      </class> <!-- api.test.PetsTests1 -->
    </test> <!-- Test -->
  </suite> <!-- Suite -->
</testng-results>
